------------11/11/2016 19:12:16------------
The Internal Guard is starting!
------------11/11/2016 19:12:16------------
Language detected:PTB
------------11/11/2016 19:12:16------------
Loading language ...
------------11/11/2016 19:12:16------------
Complete!
------------11/11/2016 19:12:16------------
Checking rights ...
------------11/11/2016 19:12:16------------
OK
------------11/11/2016 19:12:22------------
Checking banned users...
------------11/11/2016 19:12:23------------
Checking files...
------------11/11/2016 19:12:37------------
Internal Guard started!
------------11/11/2016 19:12:47------------
Exiting...
------------11/11/2016 19:12:47------------
Finalizando...
